 
****************************************
Report : area
Design : SYS_TOP_dft
Version: K-2015.06
Date   : Wed Oct  1 20:22:01 2025
****************************************

Library(s) Used:

    scmetro_tsmc_cl013g_rvt_ss_1p08v_125c (File: /home/IC/tsmc_fb_cl013g_sc/aci/sc-m/synopsys/scmetro_tsmc_cl013g_rvt_ss_1p08v_125c.db)

Number of ports:                          917
Number of nets:                          2873
Number of cells:                         1912
Number of combinational cells:           1477
Number of sequential cells:               388
Number of macros/black boxes:               0
Number of buf/inv:                        272
Number of references:                      26

Combinational area:              13895.650535
Buf/Inv area:                     1060.206722
Noncombinational area:           12091.769588
Macro/Black Box area:                0.000000
Net Interconnect area:      undefined  (No wire load specified)

Total cell area:                 25987.420123
Total area:                 undefined

Hierarchical area distribution
------------------------------

                                  Global cell area            Local cell area
                                  -------------------  ------------------------------ 
Hierarchical cell                 Absolute    Percent  Combi-      Noncombi-   Black-
                                  Total       Total    national    national    boxes   Design
--------------------------------  ----------  -------  ----------  ----------  ------  -------------------------------------------------------------------------------------------------------------------
SYS_TOP_dft                       25987.4201    100.0     94.1360      0.0000  0.0000  SYS_TOP_dft
ALU_UNIT                           5738.7660     22.1   1087.2708    560.1092  0.0000  ALU_N8_OPERAND_WIDTH8_FUN_WIDTH4_ALU_OUTPUT_WIDTH16_test_1
ALU_UNIT/add_32                     231.8099      0.9    231.8099      0.0000  0.0000  ALU_N8_OPERAND_WIDTH8_FUN_WIDTH4_ALU_OUTPUT_WIDTH16_DW01_add_0
ALU_UNIT/div_46                    1437.9274      5.5   1437.9274      0.0000  0.0000  ALU_N8_OPERAND_WIDTH8_FUN_WIDTH4_ALU_OUTPUT_WIDTH16_DW_div_uns_0
ALU_UNIT/mult_38                   2155.7144      8.3   1914.4909      0.0000  0.0000  ALU_N8_OPERAND_WIDTH8_FUN_WIDTH4_ALU_OUTPUT_WIDTH16_DW02_mult_0
ALU_UNIT/mult_38/FS_1               241.2235      0.9    241.2235      0.0000  0.0000  ALU_N8_OPERAND_WIDTH8_FUN_WIDTH4_ALU_OUTPUT_WIDTH16_DW01_add_1
ALU_UNIT/sub_35                     265.9342      1.0    265.9342      0.0000  0.0000  ALU_N8_OPERAND_WIDTH8_FUN_WIDTH4_ALU_OUTPUT_WIDTH16_DW01_sub_0
CLK_DIV_RX_UNIT                     920.1794      3.5    441.2625    295.3517  0.0000  CLK_DIV_DIV_RATIO8_test_0
CLK_DIV_RX_UNIT/add_37               91.7826      0.4     91.7826      0.0000  0.0000  CLK_DIV_DIV_RATIO8_1_DW01_inc_0
CLK_DIV_RX_UNIT/add_48               91.7826      0.4     91.7826      0.0000  0.0000  CLK_DIV_DIV_RATIO8_1_DW01_inc_1
CLK_DIV_TX_UNIT                     920.1794      3.5    441.2625    295.3517  0.0000  CLK_DIV_DIV_RATIO8_test_1
CLK_DIV_TX_UNIT/add_37               91.7826      0.4     91.7826      0.0000  0.0000  CLK_DIV_DIV_RATIO8_0_DW01_inc_0
CLK_DIV_TX_UNIT/add_48               91.7826      0.4     91.7826      0.0000  0.0000  CLK_DIV_DIV_RATIO8_0_DW01_inc_1
CLOCK_GATE_UNIT                      40.0078      0.2      0.0000     40.0078  0.0000  CLK_GATE
DATA_SYNC_UNIT                      480.0936      1.8     84.7224    395.3712  0.0000  DATA_SYNC_NUM_STAGES2_BUS_WIDTH8_test_1
FIFO_UNIT                          4811.5265     18.5     14.1204      0.0000  0.0000  FIFO_DATASIZE8_MEMDEPTH8_test_1
FIFO_UNIT/mem_UNIT                 3360.6553     12.9   1252.0088   2108.6465  0.0000  memory_ADDRSIZE3_DATASIZE8_MEMDEPTH8_test_1
FIFO_UNIT/rptr_empty_UNIT           454.2062      1.7    158.8545    295.3517  0.0000  rptr_empty_ADDRSIZE3_test_1
FIFO_UNIT/sync_r2w_UNIT             263.5808      1.0      0.0000    263.5808  0.0000  sync_r2w_ADDRSIZE3_test_1
FIFO_UNIT/sync_w2r_UNIT             263.5808      1.0      0.0000    263.5808  0.0000  sync_w2r_ADDRSIZE3_test_1
FIFO_UNIT/wptr_full_UNIT            455.3829      1.8    158.8545    296.5284  0.0000  wptr_full_ADDRSIZE3_test_1
PRESCALE_MUX_UNIT                    68.2486      0.3     68.2486      0.0000  0.0000  PRESCALE_MUX_MEM_WIDTH8
PULSE_GEN_UNIT                       71.7787      0.3      5.8835     65.8952  0.0000  PULSE_GEN_test_1
REG_FILE_UNIT                      7084.9110     27.3   2574.6197   4510.2913  0.0000  REG_FILE_MEM_DEPTH16_MEM_WIDTH8_ADDR_WIDTH4_test_1
RST_SYNC_REF_UNIT                    65.8952      0.3      0.0000     65.8952  0.0000  RST_SYNC_NUM_STAGES2_test_0
RST_SYNC_UART_UNIT                   65.8952      0.3      0.0000     65.8952  0.0000  RST_SYNC_NUM_STAGES2_test_1
SYS_CTRL_UNIT                      1533.2401      5.9    718.9637    814.2764  0.0000  SYS_CTRL_N8_OPERAND_WIDTH8_FUN_WIDTH4_ALU_OUTPUT_WIDTH16_MEM_DEPTH16_MEM_WIDTH8_ADDR_WIDTH4_UART_DATA_WIDTH8_test_1
U0_mux2X1                            15.2971      0.1     15.2971      0.0000  0.0000  mux2X1_0
U1_mux2X1                            11.7670      0.0     11.7670      0.0000  0.0000  mux2X1_6
U2_mux2X1                            11.7670      0.0     11.7670      0.0000  0.0000  mux2X1_5
U3_mux2X1                            11.7670      0.0     11.7670      0.0000  0.0000  mux2X1_4
U4_mux2X1                            11.7670      0.0     11.7670      0.0000  0.0000  mux2X1_3
U5_mux2X1                            11.7670      0.0     11.7670      0.0000  0.0000  mux2X1_2
U6_mux2X1                            11.7670      0.0     11.7670      0.0000  0.0000  mux2X1_1
UART_UNIT                          4006.6636     15.4      7.0602      0.0000  0.0000  UART_UART_DATA_WIDTH8_test_1
UART_UNIT/UART_RX_UNIT             2659.3420     10.2      7.0602      0.0000  0.0000  UART_RX_UART_DATA_WIDTH8_test_1
UART_UNIT/UART_RX_UNIT/FSM_RX_UNIT
                                    615.4141      2.4    516.5713     98.8428  0.0000  FSM_RX_UART_DATA_WIDTH8_test_1
UART_UNIT/UART_RX_UNIT/data_sampling_UNIT
                                    614.2374      2.4    482.4470    131.7904  0.0000  data_sampling_UART_DATA_WIDTH8_test_1
UART_UNIT/UART_RX_UNIT/deserializer_UNIT
                                    498.9208      1.9    227.1031    271.8177  0.0000  deserializer_UART_DATA_WIDTH8_test_1
UART_UNIT/UART_RX_UNIT/edge_bit_counter_UNIT
                                    696.6064      2.7    365.9537    330.6527  0.0000  edge_bit_counter_UART_DATA_WIDTH8_test_1
UART_UNIT/UART_RX_UNIT/parity_check_UNIT
                                    143.5574      0.6    110.6098     32.9476  0.0000  parity_check_UART_DATA_WIDTH8_test_1
UART_UNIT/UART_RX_UNIT/start_check_UNIT
                                     44.7146      0.2     11.7670     32.9476  0.0000  start_check_test_1
UART_UNIT/UART_RX_UNIT/stop_check_UNIT
                                     38.8311      0.1      5.8835     32.9476  0.0000  stop_check_test_1
UART_UNIT/UART_TX_UNIT             1340.2613      5.2      7.0602      0.0000  0.0000  UART_TX_UART_DATA_WIDTH8_test_1
UART_UNIT/UART_TX_UNIT/FSM_TX_unit
                                    224.7497      0.9     92.9593    131.7904  0.0000  FSM_TX_UART_DATA_WIDTH8_test_1
UART_UNIT/UART_TX_UNIT/MUX_unit      60.0117      0.2     27.0641     32.9476  0.0000  MUX_test_1
UART_UNIT/UART_TX_UNIT/parity_calc_unit
                                    495.3907      1.9    198.8623    296.5284  0.0000  parity_calc_UART_DATA_WIDTH8_test_1
UART_UNIT/UART_TX_UNIT/serializer_unit
                                    553.0490      2.1    190.6254    362.4236  0.0000  serializer_UART_DATA_WIDTH8_test_1
--------------------------------  ----------  -------  ----------  ----------  ------  -------------------------------------------------------------------------------------------------------------------
Total                                                  13895.6505  12091.7696  0.0000

1
