 
****************************************
Report : clocks
Design : SYS_TOP_dft
Version: K-2015.06
Date   : Wed Oct  1 20:22:01 2025
****************************************

Attributes:
    d - dont_touch_network
    f - fix_hold
    p - propagated_clock
    G - generated_clock
    g - lib_generated_clock

Clock          Period   Waveform            Attrs     Sources
--------------------------------------------------------------------------------
ALU_CLK         20.00   {0 10}              G         {CLOCK_GATE_UNIT/GATED_CLK}
REF_CLK         20.00   {0 10}                        {REF_CLK}
SCAN_CLK       100.00   {0 50}                        {scan_clk}
UART_CLK       271.27   {0 135.634}                   {UART_CLK}
UART_RX_CLK    271.27   {0 135.634}         G         {CLK_DIV_RX_UNIT/O_div_clk}
UART_TX_CLK   8680.56   {0 4340.28}         G         {CLK_DIV_TX_UNIT/O_div_clk}
--------------------------------------------------------------------------------

Generated     Master         Generated      Master         Waveform
Clock         Source         Source         Clock          Modification
--------------------------------------------------------------------------------
ALU_CLK       REF_CLK        {CLOCK_GATE_UNIT/GATED_CLK}
                                            REF_CLK        divide_by(1)
UART_RX_CLK   UART_CLK       {CLK_DIV_RX_UNIT/O_div_clk}
                                            UART_CLK       divide_by(1)
UART_TX_CLK   UART_CLK       {CLK_DIV_TX_UNIT/O_div_clk}
                                            UART_CLK       divide_by(32)
--------------------------------------------------------------------------------
1
