Information: Propagating switching activity (low effort zero delay simulation). (PWR-6)
Warning: Design has unannotated primary inputs. (PWR-414)
Warning: Design has unannotated sequential cell outputs. (PWR-415)
 
****************************************
Report : power
        -hier
        -analysis_effort low
Design : SYS_TOP_dft
Version: K-2015.06
Date   : Wed Oct  1 20:22:01 2025
****************************************


Library(s) Used:

    scmetro_tsmc_cl013g_rvt_ss_1p08v_125c (File: /home/IC/tsmc_fb_cl013g_sc/aci/sc-m/synopsys/scmetro_tsmc_cl013g_rvt_ss_1p08v_125c.db)


Operating Conditions: scmetro_tsmc_cl013g_rvt_ss_1p08v_125c   Library: scmetro_tsmc_cl013g_rvt_ss_1p08v_125c
Wire Load Model Mode: top


Global Operating Voltage = 1.08 
Power-specific unit information :
    Voltage Units = 1V
    Capacitance Units = 1.000000pf
    Time Units = 1ns
    Dynamic Power Units = 1mW    (derived from V,C,T units)
    Leakage Power Units = 1pW


--------------------------------------------------------------------------------
                                       Switch   Int      Leak     Total
Hierarchy                              Power    Power    Power    Power    %
--------------------------------------------------------------------------------
SYS_TOP_dft                            2.13e-02    0.102 1.54e+07    0.138 100.0
  ALU_UNIT (ALU_N8_OPERAND_WIDTH8_FUN_WIDTH4_ALU_OUTPUT_WIDTH16_test_1)
                                       1.21e-04 1.52e-02 4.33e+06 1.96e-02  14.2
    mult_38 (ALU_N8_OPERAND_WIDTH8_FUN_WIDTH4_ALU_OUTPUT_WIDTH16_DW02_mult_0)
                                       6.79e-06 5.16e-06 1.65e+06 1.66e-03   1.2
    add_32 (ALU_N8_OPERAND_WIDTH8_FUN_WIDTH4_ALU_OUTPUT_WIDTH16_DW01_add_0)
                                       7.00e-07 7.62e-06 2.05e+05 2.13e-04   0.2
    sub_35 (ALU_N8_OPERAND_WIDTH8_FUN_WIDTH4_ALU_OUTPUT_WIDTH16_DW01_sub_0)
                                       1.49e-06 8.03e-06 2.48e+05 2.57e-04   0.2
    div_46 (ALU_N8_OPERAND_WIDTH8_FUN_WIDTH4_ALU_OUTPUT_WIDTH16_DW_div_uns_0)
                                       1.40e-05 4.37e-05 1.24e+06 1.30e-03   0.9
  CLOCK_GATE_UNIT (CLK_GATE)           1.84e-03 2.68e-03 3.73e+04 4.56e-03   3.3
  REG_FILE_UNIT (REG_FILE_MEM_DEPTH16_MEM_WIDTH8_ADDR_WIDTH4_test_1)
                                       3.52e-03 3.09e-02 3.65e+06 3.81e-02  27.5
  SYS_CTRL_UNIT (SYS_CTRL_N8_OPERAND_WIDTH8_FUN_WIDTH4_ALU_OUTPUT_WIDTH16_MEM_DEPTH16_MEM_WIDTH8_ADDR_WIDTH4_UART_DATA_WIDTH8_test_1)
                                       2.62e-04 5.81e-03 7.14e+05 6.78e-03   4.9
  UART_UNIT (UART_UART_DATA_WIDTH8_test_1)
                                       2.69e-03 1.50e-02 2.40e+06 2.01e-02  14.5
    UART_RX_UNIT (UART_RX_UART_DATA_WIDTH8_test_1)
                                       1.65e-03 9.13e-03 1.68e+06 1.25e-02   9.0
      stop_check_UNIT (stop_check_test_1)
                                       1.32e-05 2.06e-04 1.80e+04 2.37e-04   0.2
      start_check_UNIT (start_check_test_1)
                                       1.48e-06 2.25e-04 2.13e+04 2.47e-04   0.2
      parity_check_UNIT (parity_check_UART_DATA_WIDTH8_test_1)
                                       7.91e-05 3.59e-04 1.21e+05 5.59e-04   0.4
      FSM_RX_UNIT (FSM_RX_UART_DATA_WIDTH8_test_1)
                                       2.66e-04 1.25e-03 4.28e+05 1.94e-03   1.4
      edge_bit_counter_UNIT (edge_bit_counter_UART_DATA_WIDTH8_test_1)
                                       6.38e-04 3.31e-03 4.07e+05 4.35e-03   3.1
      deserializer_UNIT (deserializer_UART_DATA_WIDTH8_test_1)
                                       1.04e-04 2.56e-03 2.73e+05 2.93e-03   2.1
      data_sampling_UNIT (data_sampling_UART_DATA_WIDTH8_test_1)
                                       1.18e-04 1.20e-03 4.10e+05 1.73e-03   1.2
    UART_TX_UNIT (UART_TX_UART_DATA_WIDTH8_test_1)
                                       1.01e-03 5.81e-03 7.10e+05 7.54e-03   5.4
      parity_calc_unit (parity_calc_UART_DATA_WIDTH8_test_1)
                                       6.91e-05 2.02e-03 2.94e+05 2.38e-03   1.7
      FSM_TX_unit (FSM_TX_UART_DATA_WIDTH8_test_1)
                                       1.12e-04 1.03e-03 1.10e+05 1.25e-03   0.9
      MUX_unit (MUX_test_1)            2.69e-04 4.00e-04 2.88e+04 6.97e-04   0.5
      serializer_unit (serializer_UART_DATA_WIDTH8_test_1)
                                       1.81e-04 2.34e-03 2.72e+05 2.80e-03   2.0
  CLK_DIV_RX_UNIT (CLK_DIV_DIV_RATIO8_test_0)
                                       8.97e-05 2.37e-03 6.40e+05 3.10e-03   2.2
    add_48 (CLK_DIV_DIV_RATIO8_1_DW01_inc_1)
                                          0.000    0.000 6.78e+04 6.78e-05   0.0
    add_37 (CLK_DIV_DIV_RATIO8_1_DW01_inc_0)
                                       5.03e-06 1.20e-05 8.36e+04 1.01e-04   0.1
  PRESCALE_MUX_UNIT (PRESCALE_MUX_MEM_WIDTH8)
                                       1.23e-05 1.79e-05 4.23e+04 7.25e-05   0.1
  CLK_DIV_TX_UNIT (CLK_DIV_DIV_RATIO8_test_1)
                                       3.17e-04 3.17e-03 6.19e+05 4.11e-03   3.0
    add_48 (CLK_DIV_DIV_RATIO8_0_DW01_inc_1)
                                       2.60e-05 6.97e-05 7.42e+04 1.70e-04   0.1
    add_37 (CLK_DIV_DIV_RATIO8_0_DW01_inc_0)
                                       2.10e-05 8.62e-05 8.33e+04 1.91e-04   0.1
  PULSE_GEN_UNIT (PULSE_GEN_test_1)    9.00e-07 4.05e-04 3.14e+04 4.37e-04   0.3
  FIFO_UNIT (FIFO_DATASIZE8_MEMDEPTH8_test_1)
                                       2.30e-03 2.11e-02 2.51e+06 2.59e-02  18.7
    rptr_empty_UNIT (rptr_empty_ADDRSIZE3_test_1)
                                       4.36e-05 2.07e-03 2.74e+05 2.39e-03   1.7
    wptr_full_UNIT (wptr_full_ADDRSIZE3_test_1)
                                       3.72e-05 1.96e-03 2.64e+05 2.26e-03   1.6
    sync_w2r_UNIT (sync_w2r_ADDRSIZE3_test_1)
                                       2.29e-06 1.61e-03 1.08e+05 1.72e-03   1.2
    sync_r2w_UNIT (sync_r2w_ADDRSIZE3_test_1)
                                       1.54e-06 1.59e-03 1.07e+05 1.70e-03   1.2
    mem_UNIT (memory_ADDRSIZE3_DATASIZE8_MEMDEPTH8_test_1)
                                       1.68e-03 1.38e-02 1.75e+06 1.72e-02  12.4
  DATA_SYNC_UNIT (DATA_SYNC_NUM_STAGES2_BUS_WIDTH8_test_1)
                                       4.67e-05 2.58e-03 2.12e+05 2.84e-03   2.0
  RST_SYNC_REF_UNIT (RST_SYNC_NUM_STAGES2_test_0)
                                       8.56e-06 6.02e-04 2.89e+04 6.40e-04   0.5
  RST_SYNC_UART_UNIT (RST_SYNC_NUM_STAGES2_test_1)
                                       7.29e-06 5.91e-04 2.89e+04 6.28e-04   0.5
  U6_mux2X1 (mux2X1_1)                 9.90e-06 4.29e-05 1.28e+04 6.56e-05   0.0
  U5_mux2X1 (mux2X1_2)                 9.90e-06 4.29e-05 1.28e+04 6.56e-05   0.0
  U4_mux2X1 (mux2X1_3)                 5.90e-05 4.63e-05 1.15e+04 1.17e-04   0.1
  U3_mux2X1 (mux2X1_4)                 9.52e-04 1.93e-04 1.15e+04 1.16e-03   0.8
  U2_mux2X1 (mux2X1_5)                 6.06e-04 1.88e-04 1.15e+04 8.06e-04   0.6
  U1_mux2X1 (mux2X1_6)                 4.95e-04 1.87e-04 1.15e+04 6.94e-04   0.5
  U0_mux2X1 (mux2X1_0)                 5.63e-03 4.14e-04 1.88e+04 6.06e-03   4.4
1
