Loading db file '/home/IC/tsmc_fb_cl013g_sc/aci/sc-m/synopsys/scmetro_tsmc_cl013g_rvt_ss_1p08v_125c.db'
Information: Propagating switching activity (low effort zero delay simulation). (PWR-6)
Warning: Design has unannotated primary inputs. (PWR-414)
Warning: Design has unannotated sequential cell outputs. (PWR-415)
 
****************************************
Report : power
        -hier
        -analysis_effort low
Design : SYS_TOP
Version: K-2015.06
Date   : Wed Oct  1 16:03:57 2025
****************************************


Library(s) Used:

    scmetro_tsmc_cl013g_rvt_ss_1p08v_125c (File: /home/IC/tsmc_fb_cl013g_sc/aci/sc-m/synopsys/scmetro_tsmc_cl013g_rvt_ss_1p08v_125c.db)


Operating Conditions: scmetro_tsmc_cl013g_rvt_ss_1p08v_125c   Library: scmetro_tsmc_cl013g_rvt_ss_1p08v_125c
Wire Load Model Mode: top


Global Operating Voltage = 1.08 
Power-specific unit information :
    Voltage Units = 1V
    Capacitance Units = 1.000000pf
    Time Units = 1ns
    Dynamic Power Units = 1mW    (derived from V,C,T units)
    Leakage Power Units = 1pW


--------------------------------------------------------------------------------
                                       Switch   Int      Leak     Total
Hierarchy                              Power    Power    Power    Power    %
--------------------------------------------------------------------------------
SYS_TOP                                6.48e-03    0.209 1.39e+07    0.229 100.0
  ALU_UNIT (ALU_N8_OPERAND_WIDTH8_FUN_WIDTH4_ALU_OUTPUT_WIDTH16)
                                          0.000 1.23e-02 4.27e+06 1.66e-02   7.2
    mult_38 (ALU_N8_OPERAND_WIDTH8_FUN_WIDTH4_ALU_OUTPUT_WIDTH16_DW02_mult_0)
                                          0.000    0.000 1.65e+06 1.65e-03   0.7
    add_32 (ALU_N8_OPERAND_WIDTH8_FUN_WIDTH4_ALU_OUTPUT_WIDTH16_DW01_add_0)
                                          0.000    0.000 2.05e+05 2.05e-04   0.1
    sub_35 (ALU_N8_OPERAND_WIDTH8_FUN_WIDTH4_ALU_OUTPUT_WIDTH16_DW01_sub_0)
                                          0.000    0.000 2.48e+05 2.48e-04   0.1
    div_46 (ALU_N8_OPERAND_WIDTH8_FUN_WIDTH4_ALU_OUTPUT_WIDTH16_DW_div_uns_0)
                                          0.000    0.000 1.24e+06 1.24e-03   0.5
  CLOCK_GATE_UNIT (CLK_GATE)           1.51e-03 4.65e-03 3.71e+04 6.20e-03   2.7
  REG_FILE_UNIT (REG_FILE_MEM_DEPTH16_MEM_WIDTH8_ADDR_WIDTH4)
                                       1.92e-03 9.96e-02 3.16e+06    0.105  45.7
  SYS_CTRL_UNIT (SYS_CTRL_N8_OPERAND_WIDTH8_FUN_WIDTH4_ALU_OUTPUT_WIDTH16_MEM_DEPTH16_MEM_WIDTH8_ADDR_WIDTH4_UART_DATA_WIDTH8)
                                          0.000 1.87e-02 6.32e+05 1.94e-02   8.4
  UART_UNIT (UART_UART_DATA_WIDTH8)    6.52e-04 2.17e-03 2.17e+06 4.99e-03   2.2
    UART_RX_UNIT (UART_RX_UART_DATA_WIDTH8)
                                       4.58e-04 2.02e-03 1.56e+06 4.03e-03   1.8
      stop_check_UNIT (stop_check)        0.000 5.62e-05 1.38e+04 7.00e-05   0.0
      start_check_UNIT (start_check)      0.000 5.62e-05 1.70e+04 7.32e-05   0.0
      parity_check_UNIT (parity_check_UART_DATA_WIDTH8)
                                          0.000 5.62e-05 1.20e+05 1.76e-04   0.1
      FSM_RX_UNIT (FSM_RX_UART_DATA_WIDTH8)
                                       1.27e-04 3.69e-04 4.17e+05 9.13e-04   0.4
      edge_bit_counter_UNIT (edge_bit_counter_UART_DATA_WIDTH8)
                                       1.37e-04 7.41e-04 3.58e+05 1.24e-03   0.5
      deserializer_UNIT (deserializer_UART_DATA_WIDTH8)
                                       2.12e-06 4.84e-04 2.34e+05 7.20e-04   0.3
      data_sampling_UNIT (data_sampling_UART_DATA_WIDTH8)
                                       7.18e-06 2.42e-04 3.95e+05 6.44e-04   0.3
    UART_TX_UNIT (UART_TX_UART_DATA_WIDTH8)
                                       1.80e-04 1.39e-04 6.04e+05 9.23e-04   0.4
      parity_calc_unit (parity_calc_UART_DATA_WIDTH8)
                                          0.000 4.48e-05 2.59e+05 3.04e-04   0.1
      FSM_TX_unit (FSM_TX_UART_DATA_WIDTH8)
                                          0.000 1.99e-05 9.11e+04 1.11e-04   0.0
      MUX_unit (MUX)                   3.56e-06 7.26e-06 2.52e+04 3.60e-05   0.0
      serializer_unit (serializer_UART_DATA_WIDTH8)
                                          0.000 5.48e-05 2.24e+05 2.78e-04   0.1
  CLK_DIV_RX_UNIT (CLK_DIV_DIV_RATIO8_1)
                                       1.98e-04 5.77e-04 6.00e+05 1.38e-03   0.6
    add_48 (CLK_DIV_DIV_RATIO8_1_DW01_inc_1)
                                          0.000    0.000 6.78e+04 6.78e-05   0.0
    add_37 (CLK_DIV_DIV_RATIO8_1_DW01_inc_0)
                                          0.000    0.000 8.37e+04 8.37e-05   0.0
  PRESCALE_MUX_UNIT (PRESCALE_MUX_MEM_WIDTH8)
                                          0.000    0.000 4.00e+04 4.00e-05   0.0
  CLK_DIV_TX_UNIT (CLK_DIV_DIV_RATIO8_0)
                                       2.64e-05 6.34e-04 5.81e+05 1.24e-03   0.5
    add_48 (CLK_DIV_DIV_RATIO8_0_DW01_inc_1)
                                          0.000    0.000 7.35e+04 7.35e-05   0.0
    add_37 (CLK_DIV_DIV_RATIO8_0_DW01_inc_0)
                                       1.89e-06 6.61e-06 8.36e+04 9.21e-05   0.0
  PULSE_GEN_UNIT (PULSE_GEN)              0.000 9.96e-06 2.32e+04 3.32e-05   0.0
  FIFO_UNIT (FIFO_DATASIZE8_MEMDEPTH8) 1.16e-03 5.89e-02 2.16e+06 6.22e-02  27.1
    rptr_empty_UNIT (rptr_empty_ADDRSIZE3)
                                          0.000 4.46e-05 2.35e+05 2.79e-04   0.1
    wptr_full_UNIT (wptr_full_ADDRSIZE3)
                                          0.000 6.51e-03 2.34e+05 6.74e-03   2.9
    sync_w2r_UNIT (sync_w2r_ADDRSIZE3)    0.000 3.99e-05 7.48e+04 1.15e-04   0.1
    sync_r2w_UNIT (sync_r2w_ADDRSIZE3)    0.000 5.79e-03 8.27e+04 5.87e-03   2.6
    mem_UNIT (memory_ADDRSIZE3_DATASIZE8_MEMDEPTH8)
                                       9.10e-04 4.65e-02 1.53e+06 4.89e-02  21.3
  DATA_SYNC_UNIT (DATA_SYNC_NUM_STAGES2_BUS_WIDTH8)
                                          0.000 8.68e-03 1.72e+05 8.85e-03   3.9
  RST_SYNC_REF_UNIT (RST_SYNC_NUM_STAGES2_1)
                                       1.30e-05 2.24e-03 2.53e+04 2.28e-03   1.0
  RST_SYNC_UART_UNIT (RST_SYNC_NUM_STAGES2_0)
                                       6.46e-06 2.37e-04 2.40e+04 2.67e-04   0.1
1
