                                        
                           Design Compiler Graphical 
                                 DC Ultra (TM)
                                  DFTMAX (TM)
                              Power Compiler (TM)
                                 DesignWare (R)
                                 DC Expert (TM)
                               Design Vision (TM)
                               HDL Compiler (TM)
                               VHDL Compiler (TM)
                                  DFT Compiler
                               Design Compiler(R)
                                        
                 Version K-2015.06 for linux64 - May 28, 2015 
                                        
                    Copyright (c) 1988 - 2015 Synopsys, Inc.
   This software and the associated documentation are proprietary to Synopsys,
 Inc. This software may only be used in accordance with the terms and conditions
 of a written license agreement with Synopsys, Inc. All other use, reproduction,
            or distribution of this software is strictly prohibited.
Initializing...
Initializing gui preferences from file  /home/IC/.synopsys_dv_prefs.tcl
########################### Define Top Module ############################
set top_module SYS_TOP
SYS_TOP
##################### Define Working Library Directory ######################
define_design_lib work -path ./work
1
############################# Formality Setup File ##########################
set_svf $top_module.svf
1
################## Design Compiler Library Files #setup ######################
puts "###########################################"
###########################################
puts "#      #setting Design Libraries          #"
#      #setting Design Libraries          #
puts "###########################################"
###########################################
#Add the path of the libraries to the search_path variable
lappend search_path /home/IC/tsmc_fb_cl013g_sc/aci/sc-m/synopsys
. /opt/Synopsys/Synplify2015/libraries/syn /opt/Synopsys/Synplify2015/minpower/syn /opt/Synopsys/Synplify2015/dw/syn_ver /opt/Synopsys/Synplify2015/dw/sim_ver /home/IC/tsmc_fb_cl013g_sc/aci/sc-m/synopsys
set SSLIB "scmetro_tsmc_cl013g_rvt_ss_1p08v_125c.db"
scmetro_tsmc_cl013g_rvt_ss_1p08v_125c.db
set TTLIB "scmetro_tsmc_cl013g_rvt_tt_1p2v_25c.db"
scmetro_tsmc_cl013g_rvt_tt_1p2v_25c.db
set FFLIB "scmetro_tsmc_cl013g_rvt_ff_1p32v_m40c.db"
scmetro_tsmc_cl013g_rvt_ff_1p32v_m40c.db
## Standard Cell libraries 
set target_library [list $SSLIB $TTLIB $FFLIB]
scmetro_tsmc_cl013g_rvt_ss_1p08v_125c.db scmetro_tsmc_cl013g_rvt_tt_1p2v_25c.db scmetro_tsmc_cl013g_rvt_ff_1p32v_m40c.db
## Standard Cell & Hard Macros libraries 
set link_library [list * $SSLIB $TTLIB $FFLIB]  
* scmetro_tsmc_cl013g_rvt_ss_1p08v_125c.db scmetro_tsmc_cl013g_rvt_tt_1p2v_25c.db scmetro_tsmc_cl013g_rvt_ff_1p32v_m40c.db
######################## Reading RTL Files #################################
puts "###########################################"
###########################################
puts "#             Reading RTL Files           #"
#             Reading RTL Files           #
puts "###########################################"
###########################################
set file_format verilog
verilog
set fh [open system.lst r+]
file11
set rtl [read $fh]
/home/IC/Projects/System/RTL/ALU/ALU.v
/home/IC/Projects/System/RTL/Clock_Divider/CLK_DIV.v
/home/IC/Projects/System/RTL/Clock_Gating/CLK_GATE.v
/home/IC/Projects/System/RTL/DATA_SYNC/DATA_SYNC.v
/home/IC/Projects/System/RTL/REG_FILE/REG_FILE.v
/home/IC/Projects/System/RTL/RST_SYNC/RST_SYNC.v
/home/IC/Projects/System/RTL/SYS_CTRL/SYS_CTRL.v
/home/IC/Projects/System/RTL/UART/UART_RX/data_sampling.v
/home/IC/Projects/System/RTL/UART/UART_RX/deserializer.v
/home/IC/Projects/System/RTL/UART/UART_RX/edge_bit_counter.v
/home/IC/Projects/System/RTL/UART/UART_RX/FSM_RX.v
/home/IC/Projects/System/RTL/UART/UART_RX/parity_check.v
/home/IC/Projects/System/RTL/UART/UART_RX/stop_check.v
/home/IC/Projects/System/RTL/UART/UART_RX/start_check.v
/home/IC/Projects/System/RTL/UART/UART_RX/UART_RX.v
/home/IC/Projects/System/RTL/UART/UART_TX/MUX.v
/home/IC/Projects/System/RTL/UART/UART_TX/parity_calc.v
/home/IC/Projects/System/RTL/UART/UART_TX/serializer.v
/home/IC/Projects/System/RTL/UART/UART_TX/UART_TX.v
/home/IC/Projects/System/RTL/UART/UART_TX/FSM_TX.v
/home/IC/Projects/System/RTL/UART/UART_TOP/UART.v
/home/IC/Projects/System/RTL/FIFO/memory.v
/home/IC/Projects/System/RTL/FIFO/rptr_empty.v
/home/IC/Projects/System/RTL/FIFO/wptr_full.v
/home/IC/Projects/System/RTL/FIFO/sync_r2w.v
/home/IC/Projects/System/RTL/FIFO/sync_w2r.v
/home/IC/Projects/System/RTL/FIFO/FIFO.v
/home/IC/Projects/System/RTL/PRESCALE_MUX/PRESCALE_MUX.v
/home/IC/Projects/System/RTL/PULSE_GEN/PULSE_GEN.v
/home/IC/Projects/System/RTL/SYS_TOP/SYS_TOP.v

set designs ""
regsub -all "\n" $rtl " " designs
30
analyze -format $file_format $designs
Running PRESTO HDLC
Compiling source file /home/IC/Projects/System/RTL/ALU/ALU.v
Compiling source file /home/IC/Projects/System/RTL/Clock_Divider/CLK_DIV.v
Compiling source file /home/IC/Projects/System/RTL/Clock_Gating/CLK_GATE.v
Compiling source file /home/IC/Projects/System/RTL/DATA_SYNC/DATA_SYNC.v
Compiling source file /home/IC/Projects/System/RTL/REG_FILE/REG_FILE.v
Compiling source file /home/IC/Projects/System/RTL/RST_SYNC/RST_SYNC.v
Compiling source file /home/IC/Projects/System/RTL/SYS_CTRL/SYS_CTRL.v
Compiling source file /home/IC/Projects/System/RTL/UART/UART_RX/data_sampling.v
Compiling source file /home/IC/Projects/System/RTL/UART/UART_RX/deserializer.v
Compiling source file /home/IC/Projects/System/RTL/UART/UART_RX/edge_bit_counter.v
Compiling source file /home/IC/Projects/System/RTL/UART/UART_RX/FSM_RX.v
Compiling source file /home/IC/Projects/System/RTL/UART/UART_RX/parity_check.v
Compiling source file /home/IC/Projects/System/RTL/UART/UART_RX/stop_check.v
Compiling source file /home/IC/Projects/System/RTL/UART/UART_RX/start_check.v
Compiling source file /home/IC/Projects/System/RTL/UART/UART_RX/UART_RX.v
Warning:  /home/IC/Projects/System/RTL/UART/UART_RX/UART_RX.v:62: the undeclared symbol 'par_err' assumed to have the default net type, which is 'wire'. (VER-936)
Warning:  /home/IC/Projects/System/RTL/UART/UART_RX/UART_RX.v:66: the undeclared symbol 'stop_err' assumed to have the default net type, which is 'wire'. (VER-936)
Compiling source file /home/IC/Projects/System/RTL/UART/UART_TX/MUX.v
Compiling source file /home/IC/Projects/System/RTL/UART/UART_TX/parity_calc.v
Compiling source file /home/IC/Projects/System/RTL/UART/UART_TX/serializer.v
Compiling source file /home/IC/Projects/System/RTL/UART/UART_TX/UART_TX.v
Compiling source file /home/IC/Projects/System/RTL/UART/UART_TX/FSM_TX.v
Compiling source file /home/IC/Projects/System/RTL/UART/UART_TOP/UART.v
Compiling source file /home/IC/Projects/System/RTL/FIFO/memory.v
Compiling source file /home/IC/Projects/System/RTL/FIFO/rptr_empty.v
Compiling source file /home/IC/Projects/System/RTL/FIFO/wptr_full.v
Compiling source file /home/IC/Projects/System/RTL/FIFO/sync_r2w.v
Compiling source file /home/IC/Projects/System/RTL/FIFO/sync_w2r.v
Compiling source file /home/IC/Projects/System/RTL/FIFO/FIFO.v
Compiling source file /home/IC/Projects/System/RTL/PRESCALE_MUX/PRESCALE_MUX.v
Compiling source file /home/IC/Projects/System/RTL/PULSE_GEN/PULSE_GEN.v
Compiling source file /home/IC/Projects/System/RTL/SYS_TOP/SYS_TOP.v
Presto compilation completed successfully.
Loading db file '/home/IC/tsmc_fb_cl013g_sc/aci/sc-m/synopsys/scmetro_tsmc_cl013g_rvt_ss_1p08v_125c.db'
Loading db file '/home/IC/tsmc_fb_cl013g_sc/aci/sc-m/synopsys/scmetro_tsmc_cl013g_rvt_tt_1p2v_25c.db'
Loading db file '/home/IC/tsmc_fb_cl013g_sc/aci/sc-m/synopsys/scmetro_tsmc_cl013g_rvt_ff_1p32v_m40c.db'
1
elaborate -lib WORK SYS_TOP
Loading db file '/opt/Synopsys/Synplify2015/libraries/syn/gtech.db'
Loading db file '/opt/Synopsys/Synplify2015/libraries/syn/standard.sldb'
  Loading link library 'scmetro_tsmc_cl013g_rvt_ss_1p08v_125c'
  Loading link library 'scmetro_tsmc_cl013g_rvt_tt_1p2v_25c'
  Loading link library 'scmetro_tsmc_cl013g_rvt_ff_1p32v_m40c'
  Loading link library 'gtech'
Running PRESTO HDLC
Presto compilation completed successfully.
Elaborated 1 design.
Current design is now 'SYS_TOP'.
Information: Building the design 'RST_SYNC' instantiated from design 'SYS_TOP' with
	the parameters "NUM_STAGES=2". (HDL-193)

Inferred memory devices in process
	in routine RST_SYNC_NUM_STAGES2 line 13 in file
		'/home/IC/Projects/System/RTL/RST_SYNC/RST_SYNC.v'.
===============================================================================
|    Register Name    |   Type    | Width | Bus | MB | AR | AS | SR | SS | ST |
===============================================================================
|    sync_reg_reg     | Flip-flop |   2   |  Y  | N  | Y  | N  | N  | N  | N  |
===============================================================================
Presto compilation completed successfully.
Information: Building the design 'DATA_SYNC' instantiated from design 'SYS_TOP' with
	the parameters "NUM_STAGES=2,BUS_WIDTH=8". (HDL-193)

Inferred memory devices in process
	in routine DATA_SYNC_NUM_STAGES2_BUS_WIDTH8 line 21 in file
		'/home/IC/Projects/System/RTL/DATA_SYNC/DATA_SYNC.v'.
===============================================================================
|    Register Name    |   Type    | Width | Bus | MB | AR | AS | SR | SS | ST |
===============================================================================
|    sync_reg_reg     | Flip-flop |   2   |  Y  | N  | Y  | N  | N  | N  | N  |
===============================================================================

Inferred memory devices in process
	in routine DATA_SYNC_NUM_STAGES2_BUS_WIDTH8 line 31 in file
		'/home/IC/Projects/System/RTL/DATA_SYNC/DATA_SYNC.v'.
===============================================================================
|    Register Name    |   Type    | Width | Bus | MB | AR | AS | SR | SS | ST |
===============================================================================
|   pulse_gen_d_reg   | Flip-flop |   1   |  N  | N  | Y  | N  | N  | N  | N  |
===============================================================================

Inferred memory devices in process
	in routine DATA_SYNC_NUM_STAGES2_BUS_WIDTH8 line 43 in file
		'/home/IC/Projects/System/RTL/DATA_SYNC/DATA_SYNC.v'.
===============================================================================
|    Register Name    |   Type    | Width | Bus | MB | AR | AS | SR | SS | ST |
===============================================================================
|    SYNC_BUS_reg     | Flip-flop |   8   |  Y  | N  | Y  | N  | N  | N  | N  |
|  ENABLE_PULSE_reg   | Flip-flop |   1   |  N  | N  | Y  | N  | N  | N  | N  |
===============================================================================
Presto compilation completed successfully.
Information: Building the design 'FIFO' instantiated from design 'SYS_TOP' with
	the parameters "DATASIZE=8,MEMDEPTH=8". (HDL-193)
Presto compilation completed successfully.
Information: Building the design 'PULSE_GEN'. (HDL-193)

Inferred memory devices in process
	in routine PULSE_GEN line 15 in file
		'/home/IC/Projects/System/RTL/PULSE_GEN/PULSE_GEN.v'.
===============================================================================
|    Register Name    |   Type    | Width | Bus | MB | AR | AS | SR | SS | ST |
===============================================================================
| PULSE_GEN_REG0_reg  | Flip-flop |   1   |  N  | N  | Y  | N  | N  | N  | N  |
| PULSE_GEN_REG1_reg  | Flip-flop |   1   |  N  | N  | Y  | N  | N  | N  | N  |
===============================================================================
Presto compilation completed successfully.
Information: Building the design 'CLK_DIV' instantiated from design 'SYS_TOP' with
	the parameters "DIV_RATIO=8". (HDL-193)

Inferred memory devices in process
	in routine CLK_DIV_DIV_RATIO8 line 21 in file
		'/home/IC/Projects/System/RTL/Clock_Divider/CLK_DIV.v'.
===============================================================================
|    Register Name    |   Type    | Width | Bus | MB | AR | AS | SR | SS | ST |
===============================================================================
|  ODD_EDGE_FLAG_reg  | Flip-flop |   1   |  N  | N  | N  | Y  | N  | N  | N  |
|     counter_reg     | Flip-flop |   7   |  Y  | N  | Y  | N  | N  | N  | N  |
|   DIV_CLK_reg_reg   | Flip-flop |   1   |  N  | N  | Y  | N  | N  | N  | N  |
===============================================================================
Presto compilation completed successfully.
Information: Building the design 'PRESCALE_MUX' instantiated from design 'SYS_TOP' with
	the parameters "MEM_WIDTH=8". (HDL-193)
Presto compilation completed successfully.
Information: Building the design 'UART' instantiated from design 'SYS_TOP' with
	the parameters "UART_DATA_WIDTH=8". (HDL-193)
Presto compilation completed successfully.
Information: Building the design 'SYS_CTRL' instantiated from design 'SYS_TOP' with
	the parameters "N=8,OPERAND_WIDTH=8,FUN_WIDTH=4,ALU_OUTPUT_WIDTH=16,MEM_DEPTH=16,MEM_WIDTH=8,ADDR_WIDTH=4,UART_DATA_WIDTH=8". (HDL-193)

Statistics for case statements in always block at line 113 in file
	'/home/IC/Projects/System/RTL/SYS_CTRL/SYS_CTRL.v'
===============================================
|           Line           |  full/ parallel  |
===============================================
|           114            |    auto/auto     |
===============================================

Statistics for case statements in always block at line 201 in file
	'/home/IC/Projects/System/RTL/SYS_CTRL/SYS_CTRL.v'
===============================================
|           Line           |  full/ parallel  |
===============================================
|           217            |    auto/auto     |
===============================================

Inferred memory devices in process
	in routine SYS_CTRL_N8_OPERAND_WIDTH8_FUN_WIDTH4_ALU_OUTPUT_WIDTH16_MEM_DEPTH16_MEM_WIDTH8_ADDR_WIDTH4_UART_DATA_WIDTH8 line 79 in file
		'/home/IC/Projects/System/RTL/SYS_CTRL/SYS_CTRL.v'.
===============================================================================
|    Register Name    |   Type    | Width | Bus | MB | AR | AS | SR | SS | ST |
===============================================================================
|   RF_ADDR_REG_reg   | Flip-flop |   4   |  Y  | N  | Y  | N  | N  | N  | N  |
===============================================================================

Inferred memory devices in process
	in routine SYS_CTRL_N8_OPERAND_WIDTH8_FUN_WIDTH4_ALU_OUTPUT_WIDTH16_MEM_DEPTH16_MEM_WIDTH8_ADDR_WIDTH4_UART_DATA_WIDTH8 line 87 in file
		'/home/IC/Projects/System/RTL/SYS_CTRL/SYS_CTRL.v'.
===============================================================================
|    Register Name    |   Type    | Width | Bus | MB | AR | AS | SR | SS | ST |
===============================================================================
| ALU_OUTPUT_REG_reg  | Flip-flop |  16   |  Y  | N  | Y  | N  | N  | N  | N  |
===============================================================================

Inferred memory devices in process
	in routine SYS_CTRL_N8_OPERAND_WIDTH8_FUN_WIDTH4_ALU_OUTPUT_WIDTH16_MEM_DEPTH16_MEM_WIDTH8_ADDR_WIDTH4_UART_DATA_WIDTH8 line 96 in file
		'/home/IC/Projects/System/RTL/SYS_CTRL/SYS_CTRL.v'.
===============================================================================
|    Register Name    |   Type    | Width | Bus | MB | AR | AS | SR | SS | ST |
===============================================================================
|  current_state_reg  | Flip-flop |   4   |  Y  | N  | Y  | N  | N  | N  | N  |
===============================================================================
Presto compilation completed successfully.
Information: Building the design 'REG_FILE' instantiated from design 'SYS_TOP' with
	the parameters "MEM_DEPTH=16,MEM_WIDTH=8,ADDR_WIDTH=4". (HDL-193)

Inferred memory devices in process
	in routine REG_FILE_MEM_DEPTH16_MEM_WIDTH8_ADDR_WIDTH4 line 37 in file
		'/home/IC/Projects/System/RTL/REG_FILE/REG_FILE.v'.
===============================================================================
|    Register Name    |   Type    | Width | Bus | MB | AR | AS | SR | SS | ST |
===============================================================================
|       mem_reg       | Flip-flop |  125  |  Y  | N  | Y  | N  | N  | N  | N  |
|       mem_reg       | Flip-flop |   3   |  Y  | N  | N  | Y  | N  | N  | N  |
|     RdData_reg      | Flip-flop |   8   |  Y  | N  | Y  | N  | N  | N  | N  |
|  RdData_Valid_reg   | Flip-flop |   1   |  N  | N  | Y  | N  | N  | N  | N  |
===============================================================================
Statistics for MUX_OPs
=========================================================================================
|                block name/line                 | Inputs | Outputs | # sel inputs | MB |
=========================================================================================
| REG_FILE_MEM_DEPTH16_MEM_WIDTH8_ADDR_WIDTH4/56 |   16   |    8    |      4       | N  |
=========================================================================================
Presto compilation completed successfully.
Information: Building the design 'CLK_GATE'. (HDL-193)
Presto compilation completed successfully.
Information: Building the design 'ALU' instantiated from design 'SYS_TOP' with
	the parameters "N=8,OPERAND_WIDTH=8,FUN_WIDTH=4,ALU_OUTPUT_WIDTH=16". (HDL-193)

Statistics for case statements in always block at line 25 in file
	'/home/IC/Projects/System/RTL/ALU/ALU.v'
===============================================
|           Line           |  full/ parallel  |
===============================================
|            30            |    auto/auto     |
===============================================

Inferred memory devices in process
	in routine ALU_N8_OPERAND_WIDTH8_FUN_WIDTH4_ALU_OUTPUT_WIDTH16 line 104 in file
		'/home/IC/Projects/System/RTL/ALU/ALU.v'.
===============================================================================
|    Register Name    |   Type    | Width | Bus | MB | AR | AS | SR | SS | ST |
===============================================================================
|     ALU_OUT_reg     | Flip-flop |  16   |  Y  | N  | Y  | N  | N  | N  | N  |
|  ALU_OUT_VALID_reg  | Flip-flop |   1   |  N  | N  | Y  | N  | N  | N  | N  |
===============================================================================
Presto compilation completed successfully.
Information: Building the design 'memory' instantiated from design 'FIFO_DATASIZE8_MEMDEPTH8' with
	the parameters "ADDRSIZE=3,DATASIZE=8,MEMDEPTH=8". (HDL-193)

Inferred memory devices in process
	in routine memory_ADDRSIZE3_DATASIZE8_MEMDEPTH8 line 26 in file
		'/home/IC/Projects/System/RTL/FIFO/memory.v'.
===============================================================================
|    Register Name    |   Type    | Width | Bus | MB | AR | AS | SR | SS | ST |
===============================================================================
|       mem_reg       | Flip-flop |  64   |  Y  | N  | Y  | N  | N  | N  | N  |
===============================================================================
Statistics for MUX_OPs
==================================================================================
|            block name/line              | Inputs | Outputs | # sel inputs | MB |
==================================================================================
| memory_ADDRSIZE3_DATASIZE8_MEMDEPTH8/37 |   8    |    8    |      3       | N  |
==================================================================================
Presto compilation completed successfully.
Information: Building the design 'sync_r2w' instantiated from design 'FIFO_DATASIZE8_MEMDEPTH8' with
	the parameters "ADDRSIZE=3". (HDL-193)

Inferred memory devices in process
	in routine sync_r2w_ADDRSIZE3 line 13 in file
		'/home/IC/Projects/System/RTL/FIFO/sync_r2w.v'.
===============================================================================
|    Register Name    |   Type    | Width | Bus | MB | AR | AS | SR | SS | ST |
===============================================================================
|    wq1_rptr_reg     | Flip-flop |   4   |  Y  | N  | Y  | N  | N  | N  | N  |
|    wq2_rptr_reg     | Flip-flop |   4   |  Y  | N  | Y  | N  | N  | N  | N  |
===============================================================================
Presto compilation completed successfully.
Information: Building the design 'sync_w2r' instantiated from design 'FIFO_DATASIZE8_MEMDEPTH8' with
	the parameters "ADDRSIZE=3". (HDL-193)

Inferred memory devices in process
	in routine sync_w2r_ADDRSIZE3 line 13 in file
		'/home/IC/Projects/System/RTL/FIFO/sync_w2r.v'.
===============================================================================
|    Register Name    |   Type    | Width | Bus | MB | AR | AS | SR | SS | ST |
===============================================================================
|    rq1_wptr_reg     | Flip-flop |   4   |  Y  | N  | Y  | N  | N  | N  | N  |
|    rq2_wptr_reg     | Flip-flop |   4   |  Y  | N  | Y  | N  | N  | N  | N  |
===============================================================================
Presto compilation completed successfully.
Information: Building the design 'wptr_full' instantiated from design 'FIFO_DATASIZE8_MEMDEPTH8' with
	the parameters "ADDRSIZE=3". (HDL-193)

Inferred memory devices in process
	in routine wptr_full_ADDRSIZE3 line 34 in file
		'/home/IC/Projects/System/RTL/FIFO/wptr_full.v'.
===============================================================================
|    Register Name    |   Type    | Width | Bus | MB | AR | AS | SR | SS | ST |
===============================================================================
|      wptr_reg       | Flip-flop |   4   |  Y  | N  | Y  | N  | N  | N  | N  |
|      wfull_reg      | Flip-flop |   1   |  N  | N  | Y  | N  | N  | N  | N  |
|      wbin_reg       | Flip-flop |   4   |  Y  | N  | Y  | N  | N  | N  | N  |
===============================================================================
Presto compilation completed successfully.
Information: Building the design 'rptr_empty' instantiated from design 'FIFO_DATASIZE8_MEMDEPTH8' with
	the parameters "ADDRSIZE=3". (HDL-193)

Inferred memory devices in process
	in routine rptr_empty_ADDRSIZE3 line 25 in file
		'/home/IC/Projects/System/RTL/FIFO/rptr_empty.v'.
===============================================================================
|    Register Name    |   Type    | Width | Bus | MB | AR | AS | SR | SS | ST |
===============================================================================
|      rptr_reg       | Flip-flop |   4   |  Y  | N  | Y  | N  | N  | N  | N  |
|     rempty_reg      | Flip-flop |   1   |  N  | N  | N  | Y  | N  | N  | N  |
|      rbin_reg       | Flip-flop |   4   |  Y  | N  | Y  | N  | N  | N  | N  |
===============================================================================
Presto compilation completed successfully.
Information: Building the design 'UART_TX' instantiated from design 'UART_UART_DATA_WIDTH8' with
	the parameters "UART_DATA_WIDTH=8". (HDL-193)
Presto compilation completed successfully.
Information: Building the design 'UART_RX' instantiated from design 'UART_UART_DATA_WIDTH8' with
	the parameters "UART_DATA_WIDTH=8". (HDL-193)
Presto compilation completed successfully.
Information: Building the design 'serializer' instantiated from design 'UART_TX_UART_DATA_WIDTH8' with
	the parameters "UART_DATA_WIDTH=8". (HDL-193)
Warning:  /home/IC/Projects/System/RTL/UART/UART_TX/serializer.v:44: signed to unsigned conversion occurs. (VER-318)

Inferred memory devices in process
	in routine serializer_UART_DATA_WIDTH8 line 23 in file
		'/home/IC/Projects/System/RTL/UART/UART_TX/serializer.v'.
===============================================================================
|    Register Name    |   Type    | Width | Bus | MB | AR | AS | SR | SS | ST |
===============================================================================
|   P_DATA_REG_reg    | Flip-flop |   8   |  Y  | N  | Y  | N  | N  | N  | N  |
===============================================================================

Inferred memory devices in process
	in routine serializer_UART_DATA_WIDTH8 line 33 in file
		'/home/IC/Projects/System/RTL/UART/UART_TX/serializer.v'.
===============================================================================
|    Register Name    |   Type    | Width | Bus | MB | AR | AS | SR | SS | ST |
===============================================================================
|   SER_COUNTER_reg   | Flip-flop |   3   |  Y  | N  | Y  | N  | N  | N  | N  |
===============================================================================
Presto compilation completed successfully.
Information: Building the design 'MUX'. (HDL-193)

Statistics for case statements in always block at line 15 in file
	'/home/IC/Projects/System/RTL/UART/UART_TX/MUX.v'
===============================================
|           Line           |  full/ parallel  |
===============================================
|            17            |    auto/auto     |
===============================================

Inferred memory devices in process
	in routine MUX line 26 in file
		'/home/IC/Projects/System/RTL/UART/UART_TX/MUX.v'.
===============================================================================
|    Register Name    |   Type    | Width | Bus | MB | AR | AS | SR | SS | ST |
===============================================================================
|     MUX_OUT_reg     | Flip-flop |   1   |  N  | N  | Y  | N  | N  | N  | N  |
===============================================================================
Presto compilation completed successfully.
Information: Building the design 'FSM_TX' instantiated from design 'UART_TX_UART_DATA_WIDTH8' with
	the parameters "UART_DATA_WIDTH=8". (HDL-193)

Statistics for case statements in always block at line 37 in file
	'/home/IC/Projects/System/RTL/UART/UART_TX/FSM_TX.v'
===============================================
|           Line           |  full/ parallel  |
===============================================
|            38            |    auto/auto     |
===============================================

Statistics for case statements in always block at line 49 in file
	'/home/IC/Projects/System/RTL/UART/UART_TX/FSM_TX.v'
===============================================
|           Line           |  full/ parallel  |
===============================================
|            53            |    auto/auto     |
===============================================

Inferred memory devices in process
	in routine FSM_TX_UART_DATA_WIDTH8 line 28 in file
		'/home/IC/Projects/System/RTL/UART/UART_TX/FSM_TX.v'.
===============================================================================
|    Register Name    |   Type    | Width | Bus | MB | AR | AS | SR | SS | ST |
===============================================================================
|  current_state_reg  | Flip-flop |   3   |  Y  | N  | Y  | N  | N  | N  | N  |
===============================================================================

Inferred memory devices in process
	in routine FSM_TX_UART_DATA_WIDTH8 line 88 in file
		'/home/IC/Projects/System/RTL/UART/UART_TX/FSM_TX.v'.
===============================================================================
|    Register Name    |   Type    | Width | Bus | MB | AR | AS | SR | SS | ST |
===============================================================================
|      Busy_reg       | Flip-flop |   1   |  N  | N  | Y  | N  | N  | N  | N  |
===============================================================================
Presto compilation completed successfully.
Information: Building the design 'parity_calc' instantiated from design 'UART_TX_UART_DATA_WIDTH8' with
	the parameters "UART_DATA_WIDTH=8". (HDL-193)
Warning:  /home/IC/Projects/System/RTL/UART/UART_TX/parity_calc.v:30: DEFAULT branch of CASE statement cannot be reached. (ELAB-311)

Statistics for case statements in always block at line 26 in file
	'/home/IC/Projects/System/RTL/UART/UART_TX/parity_calc.v'
===============================================
|           Line           |  full/ parallel  |
===============================================
|            30            |    auto/auto     |
===============================================

Inferred memory devices in process
	in routine parity_calc_UART_DATA_WIDTH8 line 18 in file
		'/home/IC/Projects/System/RTL/UART/UART_TX/parity_calc.v'.
===============================================================================
|    Register Name    |   Type    | Width | Bus | MB | AR | AS | SR | SS | ST |
===============================================================================
|   P_DATA_REG_reg    | Flip-flop |   8   |  Y  | N  | Y  | N  | N  | N  | N  |
===============================================================================

Inferred memory devices in process
	in routine parity_calc_UART_DATA_WIDTH8 line 26 in file
		'/home/IC/Projects/System/RTL/UART/UART_TX/parity_calc.v'.
===============================================================================
|    Register Name    |   Type    | Width | Bus | MB | AR | AS | SR | SS | ST |
===============================================================================
|     par_bit_reg     | Flip-flop |   1   |  N  | N  | Y  | N  | N  | N  | N  |
===============================================================================
Presto compilation completed successfully.
Information: Building the design 'data_sampling' instantiated from design 'UART_RX_UART_DATA_WIDTH8' with
	the parameters "UART_DATA_WIDTH=8". (HDL-193)

Statistics for case statements in always block at line 21 in file
	'/home/IC/Projects/System/RTL/UART/UART_RX/data_sampling.v'
===============================================
|           Line           |  full/ parallel  |
===============================================
|            26            |      no/no       |
===============================================

Statistics for case statements in always block at line 45 in file
	'/home/IC/Projects/System/RTL/UART/UART_RX/data_sampling.v'
===============================================
|           Line           |  full/ parallel  |
===============================================
|            50            |    auto/auto     |
===============================================

Inferred memory devices in process
	in routine data_sampling_UART_DATA_WIDTH8 line 21 in file
		'/home/IC/Projects/System/RTL/UART/UART_RX/data_sampling.v'.
===============================================================================
|    Register Name    |   Type    | Width | Bus | MB | AR | AS | SR | SS | ST |
===============================================================================
|     samples_reg     | Flip-flop |   3   |  Y  | N  | Y  | N  | N  | N  | N  |
===============================================================================

Inferred memory devices in process
	in routine data_sampling_UART_DATA_WIDTH8 line 45 in file
		'/home/IC/Projects/System/RTL/UART/UART_RX/data_sampling.v'.
===============================================================================
|    Register Name    |   Type    | Width | Bus | MB | AR | AS | SR | SS | ST |
===============================================================================
|   sampled_bit_reg   | Flip-flop |   1   |  N  | N  | Y  | N  | N  | N  | N  |
===============================================================================
Presto compilation completed successfully.
Information: Building the design 'deserializer' instantiated from design 'UART_RX_UART_DATA_WIDTH8' with
	the parameters "UART_DATA_WIDTH=8". (HDL-193)

Inferred memory devices in process
	in routine deserializer_UART_DATA_WIDTH8 line 15 in file
		'/home/IC/Projects/System/RTL/UART/UART_RX/deserializer.v'.
===============================================================================
|    Register Name    |   Type    | Width | Bus | MB | AR | AS | SR | SS | ST |
===============================================================================
|     P_DATA_reg      | Flip-flop |   8   |  Y  | N  | Y  | N  | N  | N  | N  |
===============================================================================
Presto compilation completed successfully.
Information: Building the design 'edge_bit_counter' instantiated from design 'UART_RX_UART_DATA_WIDTH8' with
	the parameters "UART_DATA_WIDTH=8". (HDL-193)

Inferred memory devices in process
	in routine edge_bit_counter_UART_DATA_WIDTH8 line 14 in file
		'/home/IC/Projects/System/RTL/UART/UART_RX/edge_bit_counter.v'.
===============================================================================
|    Register Name    |   Type    | Width | Bus | MB | AR | AS | SR | SS | ST |
===============================================================================
|    edge_cnt_reg     | Flip-flop |   6   |  Y  | N  | Y  | N  | N  | N  | N  |
===============================================================================

Inferred memory devices in process
	in routine edge_bit_counter_UART_DATA_WIDTH8 line 30 in file
		'/home/IC/Projects/System/RTL/UART/UART_RX/edge_bit_counter.v'.
===============================================================================
|    Register Name    |   Type    | Width | Bus | MB | AR | AS | SR | SS | ST |
===============================================================================
|     bit_cnt_reg     | Flip-flop |   4   |  Y  | N  | Y  | N  | N  | N  | N  |
===============================================================================
Presto compilation completed successfully.
Information: Building the design 'FSM_RX' instantiated from design 'UART_RX_UART_DATA_WIDTH8' with
	the parameters "UART_DATA_WIDTH=8". (HDL-193)

Statistics for case statements in always block at line 47 in file
	'/home/IC/Projects/System/RTL/UART/UART_RX/FSM_RX.v'
===============================================
|           Line           |  full/ parallel  |
===============================================
|            48            |    auto/auto     |
===============================================

Inferred memory devices in process
	in routine FSM_RX_UART_DATA_WIDTH8 line 38 in file
		'/home/IC/Projects/System/RTL/UART/UART_RX/FSM_RX.v'.
===============================================================================
|    Register Name    |   Type    | Width | Bus | MB | AR | AS | SR | SS | ST |
===============================================================================
|  current_state_reg  | Flip-flop |   3   |  Y  | N  | Y  | N  | N  | N  | N  |
===============================================================================
Presto compilation completed successfully.
Information: Building the design 'parity_check' instantiated from design 'UART_RX_UART_DATA_WIDTH8' with
	the parameters "UART_DATA_WIDTH=8". (HDL-193)
Warning:  /home/IC/Projects/System/RTL/UART/UART_RX/parity_check.v:15: DEFAULT branch of CASE statement cannot be reached. (ELAB-311)
Warning:  /home/IC/Projects/System/RTL/UART/UART_RX/parity_check.v:28: DEFAULT branch of CASE statement cannot be reached. (ELAB-311)

Statistics for case statements in always block at line 14 in file
	'/home/IC/Projects/System/RTL/UART/UART_RX/parity_check.v'
===============================================
|           Line           |  full/ parallel  |
===============================================
|            15            |    auto/auto     |
===============================================

Statistics for case statements in always block at line 23 in file
	'/home/IC/Projects/System/RTL/UART/UART_RX/parity_check.v'
===============================================
|           Line           |  full/ parallel  |
===============================================
|            28            |    auto/auto     |
===============================================

Inferred memory devices in process
	in routine parity_check_UART_DATA_WIDTH8 line 23 in file
		'/home/IC/Projects/System/RTL/UART/UART_RX/parity_check.v'.
===============================================================================
|    Register Name    |   Type    | Width | Bus | MB | AR | AS | SR | SS | ST |
===============================================================================
|     par_err_reg     | Flip-flop |   1   |  N  | N  | Y  | N  | N  | N  | N  |
===============================================================================
Presto compilation completed successfully.
Information: Building the design 'start_check'. (HDL-193)

Inferred memory devices in process
	in routine start_check line 9 in file
		'/home/IC/Projects/System/RTL/UART/UART_RX/start_check.v'.
===============================================================================
|    Register Name    |   Type    | Width | Bus | MB | AR | AS | SR | SS | ST |
===============================================================================
|  start_glitch_reg   | Flip-flop |   1   |  N  | N  | Y  | N  | N  | N  | N  |
===============================================================================
Presto compilation completed successfully.
Information: Building the design 'stop_check'. (HDL-193)

Inferred memory devices in process
	in routine stop_check line 9 in file
		'/home/IC/Projects/System/RTL/UART/UART_RX/stop_check.v'.
===============================================================================
|    Register Name    |   Type    | Width | Bus | MB | AR | AS | SR | SS | ST |
===============================================================================
|    stop_err_reg     | Flip-flop |   1   |  N  | N  | Y  | N  | N  | N  | N  |
===============================================================================
Presto compilation completed successfully.
1
###################### Defining toplevel ###################################
current_design $top_module
Current design is 'SYS_TOP'.
{SYS_TOP}
#################### Liniking All The Design Parts #########################
puts "###############################################"
###############################################
puts "######## Liniking All The Design Parts ########"
######## Liniking All The Design Parts ########
puts "###############################################"
###############################################
#link 
#################### Liniking All The Design Parts #########################
puts "###############################################"
###############################################
puts "######## checking design consistency ##########"
######## checking design consistency ##########
puts "###############################################"
###############################################
check_design
 
****************************************
check_design summary:
Version:     K-2015.06
Date:        Wed Oct  1 16:03:45 2025
****************************************

                   Name                                            Total
--------------------------------------------------------------------------------
Inputs/Outputs                                                      9
    Unconnected ports (LINT-28)                                     1
    Shorted outputs (LINT-31)                                       3
    Constant outputs (LINT-52)                                      5

Cells                                                              22
    Cells do not drive (LINT-1)                                    16
    Connected to power or ground (LINT-32)                          2
    Leaf pins connected to undriven nets (LINT-58)                  2
    Cells have undriven hier pins (LINT-59)                         2

Nets                                                                2
    Undriven nets (LINT-3)                                          2
--------------------------------------------------------------------------------

Warning: In design 'CLK_DIV_DIV_RATIO8', cell 'C127' does not drive any nets. (LINT-1)
Warning: In design 'ALU_N8_OPERAND_WIDTH8_FUN_WIDTH4_ALU_OUTPUT_WIDTH16', cell 'C370' does not drive any nets. (LINT-1)
Warning: In design 'ALU_N8_OPERAND_WIDTH8_FUN_WIDTH4_ALU_OUTPUT_WIDTH16', cell 'C371' does not drive any nets. (LINT-1)
Warning: In design 'ALU_N8_OPERAND_WIDTH8_FUN_WIDTH4_ALU_OUTPUT_WIDTH16', cell 'C372' does not drive any nets. (LINT-1)
Warning: In design 'ALU_N8_OPERAND_WIDTH8_FUN_WIDTH4_ALU_OUTPUT_WIDTH16', cell 'C376' does not drive any nets. (LINT-1)
Warning: In design 'ALU_N8_OPERAND_WIDTH8_FUN_WIDTH4_ALU_OUTPUT_WIDTH16', cell 'C401' does not drive any nets. (LINT-1)
Warning: In design 'ALU_N8_OPERAND_WIDTH8_FUN_WIDTH4_ALU_OUTPUT_WIDTH16', cell 'C403' does not drive any nets. (LINT-1)
Warning: In design 'ALU_N8_OPERAND_WIDTH8_FUN_WIDTH4_ALU_OUTPUT_WIDTH16', cell 'C405' does not drive any nets. (LINT-1)
Warning: In design 'serializer_UART_DATA_WIDTH8', cell 'C94' does not drive any nets. (LINT-1)
Warning: In design 'data_sampling_UART_DATA_WIDTH8', cell 'C104' does not drive any nets. (LINT-1)
Warning: In design 'edge_bit_counter_UART_DATA_WIDTH8', cell 'C87' does not drive any nets. (LINT-1)
Warning: In design 'edge_bit_counter_UART_DATA_WIDTH8', cell 'C96' does not drive any nets. (LINT-1)
Warning: In design 'FSM_RX_UART_DATA_WIDTH8', cell 'B_17' does not drive any nets. (LINT-1)
Warning: In design 'FSM_RX_UART_DATA_WIDTH8', cell 'B_18' does not drive any nets. (LINT-1)
Warning: In design 'FSM_RX_UART_DATA_WIDTH8', cell 'B_19' does not drive any nets. (LINT-1)
Warning: In design 'FSM_RX_UART_DATA_WIDTH8', cell 'C282' does not drive any nets. (LINT-1)
Warning: In design 'SYS_TOP', net 'UART_UNIT/UART_RX_UNIT/stop_err' has no drivers.  Logic 0 assumed. (LINT-3)
Warning: In design 'SYS_TOP', net 'UART_UNIT/UART_RX_UNIT/par_err' has no drivers.  Logic 0 assumed. (LINT-3)
Warning: In design 'data_sampling_UART_DATA_WIDTH8', port 'prescale[0]' is not connected to any nets. (LINT-28)
Warning: In design 'PRESCALE_MUX_MEM_WIDTH8', output port 'DIV_RATIO_MUX[7]' is connected directly to output port 'DIV_RATIO_MUX[4]'. (LINT-31)
Warning: In design 'PRESCALE_MUX_MEM_WIDTH8', output port 'DIV_RATIO_MUX[7]' is connected directly to output port 'DIV_RATIO_MUX[5]'. (LINT-31)
Warning: In design 'PRESCALE_MUX_MEM_WIDTH8', output port 'DIV_RATIO_MUX[7]' is connected directly to output port 'DIV_RATIO_MUX[6]'. (LINT-31)
Warning: In design 'UART_TX_UART_DATA_WIDTH8', a pin on submodule 'MUX_unit' is connected to logic 1 or logic 0. (LINT-32)
   Pin 'IN0' is connected to logic 0. 
Warning: In design 'UART_TX_UART_DATA_WIDTH8', a pin on submodule 'MUX_unit' is connected to logic 1 or logic 0. (LINT-32)
   Pin 'IN3' is connected to logic 1. 
Warning: In design 'PRESCALE_MUX_MEM_WIDTH8', output port 'DIV_RATIO_MUX[7]' is connected directly to 'logic 0'. (LINT-52)
Warning: In design 'PRESCALE_MUX_MEM_WIDTH8', output port 'DIV_RATIO_MUX[6]' is connected directly to 'logic 0'. (LINT-52)
Warning: In design 'PRESCALE_MUX_MEM_WIDTH8', output port 'DIV_RATIO_MUX[5]' is connected directly to 'logic 0'. (LINT-52)
Warning: In design 'PRESCALE_MUX_MEM_WIDTH8', output port 'DIV_RATIO_MUX[4]' is connected directly to 'logic 0'. (LINT-52)
Warning: In design 'SYS_CTRL_N8_OPERAND_WIDTH8_FUN_WIDTH4_ALU_OUTPUT_WIDTH16_MEM_DEPTH16_MEM_WIDTH8_ADDR_WIDTH4_UART_DATA_WIDTH8', output port 'clk_div_en' is connected directly to 'logic 1'. (LINT-52)
Warning: In design 'FSM_RX_UART_DATA_WIDTH8', input pin 'A' of leaf cell 'C297' is connected to undriven net 'par_err'.  (LINT-58)
Warning: In design 'FSM_RX_UART_DATA_WIDTH8', input pin 'B' of leaf cell 'C297' is connected to undriven net 'stop_err'.  (LINT-58)
Warning: In design 'UART_RX_UART_DATA_WIDTH8', input pin 'par_err' of hierarchical cell 'FSM_RX_UNIT' has one or more internal loads, but is not connected to any nets. 'Logic 0' is assumed. (LINT-59)
Warning: In design 'UART_RX_UART_DATA_WIDTH8', input pin 'stop_err' of hierarchical cell 'FSM_RX_UNIT' has one or more internal loads, but is not connected to any nets. 'Logic 0' is assumed. (LINT-59)
1
#################### Define Design Constraints #########################
puts "###############################################"
###############################################
puts "############ Design Constraints #### ##########"
############ Design Constraints #### ##########
puts "###############################################"
###############################################
source -echo ./cons.tcl
####################################################################################
# Constraints
# ----------------------------------------------------------------------------
#
# 0. Design Compiler variables
#
# 1. Master Clock Definitions
#
# 2. Generated Clock Definitions
#
# 3. Clock Uncertainties
#
# 4. Clock Latencies 
#
# 5. Clock Relationships
#
# 6. Set input/output delay on ports
#
# 7. Driving cells
#
# 8. Output load
####################################################################################
#########################################################
#### Section 0 : DC Variables ####
#########################################################
#################################################################################### 
# Prevent assign statements in the generated netlist (must be applied before compile command)
set verilogout_no_tri true
set_fix_multiple_port_nets -all -buffer_constants -feedthroughs
####################################################################################
#########################################################
#### Section 1 : Clock Definition ####
#########################################################
#################################################################################### 
# 1. Master Clock Definitions 
# 2. Generated Clock Definitions
# 3. Clock Latencies
# 4. Clock Uncertainties
# 4. Clock Transitions
####################################################################################
############################     CLOCK PARAMETERS       ############################ 
####################################################################################
#1. REF_CLK (50 MHz) 
set CLK1_NAME REF_CLK
set CLK1_PER 20
#2. UART_CLK (3.686 MHz) 
set CLK2_NAME UART_CLK
set CLK2_PER 271.2673611
#3. SKEW
set CLK_SETUP_SKEW 0.2
set CLK_HOLD_SKEW 0.1
#4. Transitions
set CLK_RISE 0.05
set CLK_FALL 0.05
set CLK_LAT 0
#A. Master Clocks
create_clock -name $CLK1_NAME -period $CLK1_PER -waveform "0 [expr $CLK1_PER/2]" [get_ports REF_CLK] ;# -waveform {0 10}
set_clock_uncertainty -setup $CLK_SETUP_SKEW [get_clocks $CLK1_NAME]
set_clock_uncertainty -hold $CLK_HOLD_SKEW  [get_clocks $CLK1_NAME]
create_clock -name $CLK2_NAME -period $CLK2_PER -waveform "0 [expr $CLK2_PER/2]" [get_ports UART_CLK]
set_clock_uncertainty -setup $CLK_SETUP_SKEW [get_clocks $CLK2_NAME]
set_clock_uncertainty -hold $CLK_HOLD_SKEW  [get_clocks $CLK2_NAME]
# set_clock_transition -rise -fall 0.05  [get_clocks $CLK_NAME]
set_clock_transition -rise $CLK_RISE  [get_clocks "$CLK1_NAME $CLK2_NAME"]
set_clock_transition -fall $CLK_FALL  [get_clocks "$CLK1_NAME $CLK2_NAME"]
set_clock_latency $CLK_LAT [get_clocks "$CLK1_NAME $CLK2_NAME"]
#B. Generated clocks
create_generated_clock -master_clock $CLK2_NAME -source [get_ports UART_CLK]                        -name "UART_RX_CLK" [get_port CLK_DIV_RX_UNIT/O_div_clk]                        -divide_by 1
set_clock_uncertainty -setup $CLK_SETUP_SKEW [get_clocks UART_RX_CLK]
set_clock_uncertainty -hold $CLK_HOLD_SKEW   [get_clocks UART_RX_CLK]
create_generated_clock -master_clock $CLK1_NAME -source [get_ports REF_CLK]                        -name "ALU_CLK" [get_port CLOCK_GATE_UNIT/GATED_CLK]                        -divide_by 1
set_clock_uncertainty -setup $CLK_SETUP_SKEW [get_clocks ALU_CLK]
set_clock_uncertainty -hold $CLK_HOLD_SKEW   [get_clocks ALU_CLK]
create_generated_clock -master_clock $CLK2_NAME -source [get_ports UART_CLK]                        -name "UART_TX_CLK" [get_port CLK_DIV_TX_UNIT/O_div_clk]                        -divide_by 32
set_clock_uncertainty -setup $CLK_SETUP_SKEW [get_clocks UART_TX_CLK]
set_clock_uncertainty -hold $CLK_HOLD_SKEW   [get_clocks UART_TX_CLK]
set_clock_transition -rise $CLK_RISE  [get_clocks "ALU_CLK UART_RX_CLK UART_TX_CLK"]
set_clock_transition -fall $CLK_FALL  [get_clocks "ALU_CLK UART_RX_CLK UART_TX_CLK"]
set_clock_latency $CLK_LAT [get_clocks "ALU_CLK UART_RX_CLK UART_TX_CLK"]
set_dont_touch_network [get_clocks "$CLK1_NAME $CLK2_NAME ALU_CLK UART_RX_CLK UART_TX_CLK"]
####################################################################################
#########################################################
#### Section 2 : Clocks Relationship ####
#########################################################
####################################################################################
set_clock_groups -asynchronous -group [get_clocks "$CLK1_NAME ALU_CLK"]                                 -group [get_clocks "$CLK2_NAME UART_TX_CLK UART_RX_CLK"] 
####################################################################################
#########################################################
#### Section 3 : set input/output delay on ports ####
#########################################################
####################################################################################
set in_delay  [expr 0.2*$CLK2_PER]
set out_delay [expr 0.2*$CLK2_PER]
#Constrain Input Paths
set_input_delay $in_delay -clock $CLK2_NAME [get_ports RX_IN]
#Constrain Output Paths
set_output_delay $out_delay -clock UART_TX_CLK [get_ports TX_OUT]
set_output_delay $out_delay -clock $CLK2_NAME [get_ports parity_error]
set_output_delay $out_delay -clock $CLK2_NAME [get_ports Stop_Error]
#set_input_delay $out_delay -clock $CLK2_NAME [get_ports {TX_OUT parity_error Stop_Error}]
####################################################################################
#########################################################
#### Section 4 : Driving cells ####
#########################################################
####################################################################################
set_driving_cell -library scmetro_tsmc_cl013g_rvt_ss_1p08v_125c -lib_cell BUFX2M -pin Y [get_port RX_IN]
Warning: Design rule attributes from the driving cell will be
	set on the port. (UID-401)
####################################################################################
#########################################################
#### Section 5 : Output load ####
#########################################################
####################################################################################
set out_load 0.1 ;# 0.5 pf
set_load $out_load [get_port TX_OUT]
set_load $out_load [get_port parity_error]
set_load $out_load [get_port Stop_Error]
#set_load $out_load [get_ports "TX_OUT parity_error Stop_error"]
####################################################################################
#########################################################
#### Section 6 : Operating Condition ####
#########################################################
####################################################################################
# Define the Worst Library for Max(#setup) analysis
# Define the Best Library for Min(hold) analysis
set_operating_conditions -min_library "scmetro_tsmc_cl013g_rvt_ff_1p32v_m40c"                          -min "scmetro_tsmc_cl013g_rvt_ff_1p32v_m40c" 			 -max_library "scmetro_tsmc_cl013g_rvt_ss_1p08v_125c" 			 -max "scmetro_tsmc_cl013g_rvt_ss_1p08v_125c"
Using operating conditions 'scmetro_tsmc_cl013g_rvt_ss_1p08v_125c' found in library 'scmetro_tsmc_cl013g_rvt_ss_1p08v_125c'.
Using operating conditions 'scmetro_tsmc_cl013g_rvt_ff_1p32v_m40c' found in library 'scmetro_tsmc_cl013g_rvt_ff_1p32v_m40c'.
####################################################################################
#########################################################
#### Section 7 : wireload Model ####
#########################################################
####################################################################################
#set_wire_load_model -name tsmc13_wl30 -library scmetro_tsmc_cl013g_rvt_ss_1p08v_125c
####################################################################################
#########################################################
#### Section 8 : premapped cells ####
#########################################################
####################################################################################
####################################################################################
###################### Mapping and optimization ########################
puts "###############################################"
###############################################
puts "########## Mapping & Optimization #############"
########## Mapping & Optimization #############
puts "###############################################"
###############################################
compile 
Information: Evaluating DesignWare library utilization. (UISN-27)

============================================================================
| DesignWare Building Block Library  |         Version         | Available |
============================================================================
| Basic DW Building Blocks           | K-2015.06-DWBB_201506.0 |     *     |
| Licensed DW Building Blocks        |                         |           |
============================================================================


Information: There are 33 potential problems in your design. Please run 'check_design' for more information. (LINT-99)


Warning: Operating condition scmetro_tsmc_cl013g_rvt_ss_1p08v_125c set on design SYS_TOP has different process,
voltage and temperatures parameters than the parameters at which target library 
scmetro_tsmc_cl013g_rvt_tt_1p2v_25c is characterized. Delays may be inaccurate as a result. (OPT-998)

  Beginning Pass 1 Mapping
  ------------------------
  Processing 'ALU_N8_OPERAND_WIDTH8_FUN_WIDTH4_ALU_OUTPUT_WIDTH16'
  Processing 'CLK_GATE'
  Processing 'REG_FILE_MEM_DEPTH16_MEM_WIDTH8_ADDR_WIDTH4'
  Processing 'SYS_CTRL_N8_OPERAND_WIDTH8_FUN_WIDTH4_ALU_OUTPUT_WIDTH16_MEM_DEPTH16_MEM_WIDTH8_ADDR_WIDTH4_UART_DATA_WIDTH8'
  Processing 'stop_check'
  Processing 'start_check'
  Processing 'parity_check_UART_DATA_WIDTH8'
  Processing 'FSM_RX_UART_DATA_WIDTH8'
  Processing 'edge_bit_counter_UART_DATA_WIDTH8'
  Processing 'deserializer_UART_DATA_WIDTH8'
  Processing 'data_sampling_UART_DATA_WIDTH8'
  Processing 'UART_RX_UART_DATA_WIDTH8'
  Processing 'parity_calc_UART_DATA_WIDTH8'
  Processing 'FSM_TX_UART_DATA_WIDTH8'
  Processing 'MUX'
  Processing 'serializer_UART_DATA_WIDTH8'
  Processing 'UART_TX_UART_DATA_WIDTH8'
  Processing 'UART_UART_DATA_WIDTH8'
  Processing 'CLK_DIV_DIV_RATIO8_0'
  Processing 'PRESCALE_MUX_MEM_WIDTH8'
  Processing 'PULSE_GEN'
  Processing 'rptr_empty_ADDRSIZE3'
  Processing 'wptr_full_ADDRSIZE3'
  Processing 'sync_w2r_ADDRSIZE3'
  Processing 'sync_r2w_ADDRSIZE3'
  Processing 'memory_ADDRSIZE3_DATASIZE8_MEMDEPTH8'
  Processing 'FIFO_DATASIZE8_MEMDEPTH8'
  Processing 'DATA_SYNC_NUM_STAGES2_BUS_WIDTH8'
  Processing 'RST_SYNC_NUM_STAGES2_0'
  Processing 'SYS_TOP'

  Updating timing information
Information: Updating design information... (UID-85)

  Beginning Implementation Selection
  ----------------------------------
  Processing 'ALU_N8_OPERAND_WIDTH8_FUN_WIDTH4_ALU_OUTPUT_WIDTH16_DW_div_uns_0'
  Processing 'ALU_N8_OPERAND_WIDTH8_FUN_WIDTH4_ALU_OUTPUT_WIDTH16_DW01_sub_0'
  Processing 'ALU_N8_OPERAND_WIDTH8_FUN_WIDTH4_ALU_OUTPUT_WIDTH16_DW01_add_0'
  Processing 'ALU_N8_OPERAND_WIDTH8_FUN_WIDTH4_ALU_OUTPUT_WIDTH16_DW01_cmp6_0'
  Processing 'FSM_RX_UART_DATA_WIDTH8_DW01_cmp6_0'
  Processing 'FSM_RX_UART_DATA_WIDTH8_DW01_sub_0'
  Processing 'FSM_RX_UART_DATA_WIDTH8_DW01_cmp6_1'
  Processing 'FSM_RX_UART_DATA_WIDTH8_DW01_dec_0'
  Processing 'edge_bit_counter_UART_DATA_WIDTH8_DW01_inc_0'
  Processing 'edge_bit_counter_UART_DATA_WIDTH8_DW01_cmp6_0'
  Processing 'edge_bit_counter_UART_DATA_WIDTH8_DW01_dec_0'
  Processing 'deserializer_UART_DATA_WIDTH8_DW01_cmp6_0'
  Processing 'deserializer_UART_DATA_WIDTH8_DW01_dec_0'
  Processing 'data_sampling_UART_DATA_WIDTH8_DW01_cmp6_0'
  Processing 'data_sampling_UART_DATA_WIDTH8_DW01_inc_0'
  Processing 'data_sampling_UART_DATA_WIDTH8_DW01_cmp6_1'
  Processing 'data_sampling_UART_DATA_WIDTH8_DW01_cmp6_2'
  Processing 'data_sampling_UART_DATA_WIDTH8_DW01_dec_0'
  Processing 'data_sampling_UART_DATA_WIDTH8_DW01_dec_1'
  Processing 'CLK_DIV_DIV_RATIO8_1_DW01_inc_0'
  Processing 'CLK_DIV_DIV_RATIO8_1_DW01_cmp6_0'
  Processing 'CLK_DIV_DIV_RATIO8_1_DW01_inc_1'
  Processing 'CLK_DIV_DIV_RATIO8_1_DW01_cmp6_1'
  Processing 'CLK_DIV_DIV_RATIO8_1_DW01_dec_0'
  Processing 'CLK_DIV_DIV_RATIO8_0_DW01_inc_0'
  Processing 'CLK_DIV_DIV_RATIO8_0_DW01_cmp6_0'
  Processing 'CLK_DIV_DIV_RATIO8_0_DW01_inc_1'
  Processing 'CLK_DIV_DIV_RATIO8_0_DW01_cmp6_1'
  Processing 'CLK_DIV_DIV_RATIO8_0_DW01_dec_0'
  Processing 'ALU_N8_OPERAND_WIDTH8_FUN_WIDTH4_ALU_OUTPUT_WIDTH16_DW02_mult_0'
  Processing 'ALU_N8_OPERAND_WIDTH8_FUN_WIDTH4_ALU_OUTPUT_WIDTH16_DW01_add_1'

  Beginning Mapping Optimizations  (Medium effort)
  -------------------------------
  Mapping Optimization (Phase 1)

                                  TOTAL                                      
   ELAPSED            WORST NEG   SETUP    DESIGN                            
    TIME      AREA      SLACK     COST    RULE COST         ENDPOINT         
  --------- --------- --------- --------- --------- -------------------------
    0:00:06   45192.3      0.00       0.0       0.4                          
    0:00:06   45192.3      0.00       0.0       0.4                          
    0:00:06   45192.3      0.00       0.0       0.4                          
    0:00:06   45192.3      0.00       0.0       0.4                          
    0:00:06   45192.3      0.00       0.0       0.4                          
    0:00:07   23351.6      0.00       0.0       0.0                          
    0:00:07   23319.8      0.00       0.0       0.0                          
    0:00:07   23319.8      0.00       0.0       0.0                          
    0:00:07   23319.8      0.00       0.0       0.0                          
    0:00:07   23301.0      0.00       0.0       0.0                          
    0:00:07   23301.0      0.00       0.0       0.0                          
    0:00:07   23301.0      0.00       0.0       0.0                          
    0:00:07   23301.0      0.00       0.0       0.0                          
    0:00:07   23301.0      0.00       0.0       0.0                          



  Beginning Delay Optimization Phase
  ----------------------------------

                                  TOTAL                                      
   ELAPSED            WORST NEG   SETUP    DESIGN                            
    TIME      AREA      SLACK     COST    RULE COST         ENDPOINT         
  --------- --------- --------- --------- --------- -------------------------
    0:00:07   23301.0      0.00       0.0       0.0                          
    0:00:07   23301.0      0.00       0.0       0.0                          
    0:00:08   23301.0      0.00       0.0       0.0                          


  Beginning Area-Recovery Phase  (cleanup)
  -----------------------------

                                  TOTAL                                      
   ELAPSED            WORST NEG   SETUP    DESIGN                            
    TIME      AREA      SLACK     COST    RULE COST         ENDPOINT         
  --------- --------- --------- --------- --------- -------------------------
    0:00:08   23301.0      0.00       0.0       0.0                          
    0:00:08   23301.0      0.00       0.0       0.0                          
    0:00:08   23233.9      0.00       0.0       0.0                          
    0:00:08   23206.9      0.00       0.0       0.0                          
    0:00:08   23188.1      0.00       0.0       0.0                          
    0:00:08   23181.0      0.00       0.0       0.0                          
    0:00:08   23172.8      0.00       0.0       0.0                          
    0:00:08   23172.8      0.00       0.0       0.0                          
    0:00:08   23172.8      0.00       0.0       0.0                          
    0:00:08   23172.8      0.00       0.0       0.0                          
    0:00:08   23172.8      0.00       0.0       0.0                          
    0:00:08   23172.8      0.00       0.0       0.0                          
    0:00:08   23172.8      0.00       0.0       0.0                          
    0:00:08   23172.8      0.00       0.0       0.0                          
    0:00:08   23190.4      0.00       0.0       0.0                          
Loading db file '/home/IC/tsmc_fb_cl013g_sc/aci/sc-m/synopsys/scmetro_tsmc_cl013g_rvt_ss_1p08v_125c.db'
Loading db file '/home/IC/tsmc_fb_cl013g_sc/aci/sc-m/synopsys/scmetro_tsmc_cl013g_rvt_tt_1p2v_25c.db'
Loading db file '/home/IC/tsmc_fb_cl013g_sc/aci/sc-m/synopsys/scmetro_tsmc_cl013g_rvt_ff_1p32v_m40c.db'


Note: Symbol # after min delay cost means estimated hold TNS across all active scenarios 


  Optimization Complete
  ---------------------
1
##################### Close Formality Setup file ###########################
set_svf -off
1
#############################################################################
# Write out files
#############################################################################
write_file -format verilog -hierarchy -output netlists/$top_module.ddc
Writing verilog file '/home/IC/Projects/System/Backend/Synthesis/netlists/SYS_TOP.ddc'.
Warning: Verilog 'assign' or 'tran' statements are written out. (VO-4)
Warning: Verilog writer has added 4 nets to module SYS_TOP using SYNOPSYS_UNCONNECTED_ as prefix.  Please use the change_names command to make the correct changes before invoking the verilog writer.  (VO-11)
1
write_file -format verilog -hierarchy -output netlists/$top_module.v
Writing verilog file '/home/IC/Projects/System/Backend/Synthesis/netlists/SYS_TOP.v'.
Warning: Verilog 'assign' or 'tran' statements are written out. (VO-4)
Warning: Verilog writer has added 4 nets to module SYS_TOP using SYNOPSYS_UNCONNECTED_ as prefix.  Please use the change_names command to make the correct changes before invoking the verilog writer.  (VO-11)
1
write_sdf  sdf/$top_module.sdf
Information: Annotated 'cell' delays are assumed to include load delay. (UID-282)
Information: Writing timing information to file '/home/IC/Projects/System/Backend/Synthesis/sdf/SYS_TOP.sdf'. (WT-3)
Information: Updating design information... (UID-85)
1
write_sdc  -nosplit sdc/$top_module.sdc
1
####################### reporting ##########################################
report_area -hierarchy > reports/area.rpt
report_power -hierarchy > reports/power.rpt
report_timing -delay_type min > reports/hold.rpt
report_timing -delay_type max > reports/setup.rpt
report_clock -attributes > reports/clocks.rpt
report_constraint -all_violators -nosplit > reports/constraints.rpt
############################################################################
########################       DFT Preparation      ######################## 
############################################################################
set flops_per_chain 100
100
set num_flops [sizeof_collection [all_registers -edge_triggered]]
365
set num_chains [expr $num_flops / $flops_per_chain + 1 ]
4
################# starting graphical user interface #######################
gui_start
Current design is 'SYS_TOP'.
exit

Memory usage for main task 290 Mbytes.
Memory usage for this session 290 Mbytes.
CPU usage for this session 13 seconds ( 0.00 hours ).

Thank you...
