/home/IC/Projects/System/RTL/ALU/ALU.v
/home/IC/Projects/System/RTL/Clock_Divider/CLK_DIV.v
/home/IC/Projects/System/RTL/Clock_Gating/CLK_GATE.v
/home/IC/Projects/System/RTL/DATA_SYNC/DATA_SYNC.v
/home/IC/Projects/System/RTL/REG_FILE/REG_FILE.v
/home/IC/Projects/System/RTL/RST_SYNC/RST_SYNC.v
/home/IC/Projects/System/RTL/SYS_CTRL/SYS_CTRL.v
/home/IC/Projects/System/RTL/UART/UART_RX/data_sampling.v
/home/IC/Projects/System/RTL/UART/UART_RX/deserializer.v
/home/IC/Projects/System/RTL/UART/UART_RX/edge_bit_counter.v
/home/IC/Projects/System/RTL/UART/UART_RX/FSM_RX.v
/home/IC/Projects/System/RTL/UART/UART_RX/parity_check.v
/home/IC/Projects/System/RTL/UART/UART_RX/stop_check.v
/home/IC/Projects/System/RTL/UART/UART_RX/start_check.v
/home/IC/Projects/System/RTL/UART/UART_RX/UART_RX.v
/home/IC/Projects/System/RTL/UART/UART_TX/MUX.v
/home/IC/Projects/System/RTL/UART/UART_TX/parity_calc.v
/home/IC/Projects/System/RTL/UART/UART_TX/serializer.v
/home/IC/Projects/System/RTL/UART/UART_TX/UART_TX.v
/home/IC/Projects/System/RTL/UART/UART_TX/FSM_TX.v
/home/IC/Projects/System/RTL/UART/UART_TOP/UART.v
/home/IC/Projects/System/RTL/FIFO/memory.v
/home/IC/Projects/System/RTL/FIFO/rptr_empty.v
/home/IC/Projects/System/RTL/FIFO/wptr_full.v
/home/IC/Projects/System/RTL/FIFO/sync_r2w.v
/home/IC/Projects/System/RTL/FIFO/sync_w2r.v
/home/IC/Projects/System/RTL/FIFO/FIFO.v
/home/IC/Projects/System/RTL/PRESCALE_MUX/PRESCALE_MUX.v
/home/IC/Projects/System/RTL/PULSE_GEN/PULSE_GEN.v
/home/IC/Projects/System/RTL/SYS_TOP/SYS_TOP.v
